<?xml version="1.0" encoding="UTF-8"?>
<!-- Generated by org.testng.reporters.JUnitXMLReporter -->
<testsuite hostname="Supreeth-PC" ignored="0" name="Test" tests="6" failures="0" timestamp="14 Jun 2020 09:41:20 GMT" time="7.244" errors="0">
  <testcase name="validateMovieLanguage" time="2.439" classname="com.api.assignment.TestMoviesUpcoming"/>
  <testcase name="validateMoviePromoCodeIsUnique" time="0.02" classname="com.api.assignment.TestMoviesUpcoming"/>
  <testcase name="validateMovieReleaseDate" time="0.025" classname="com.api.assignment.TestMoviesUpcoming"/>
  <testcase name="validateMovieURL" time="0.022" classname="com.api.assignment.TestMoviesUpcoming"/>
  <testcase name="validateStatusCode" time="0.004" classname="com.api.assignment.TestMoviesUpcoming"/>
  <testcase name="writeMovieNamesToExcelSheet" time="1.303" classname="com.api.assignment.TestMoviesUpcoming"/>
</testsuite> <!-- Test -->
